Logic Puzzle #1:
Age Name Home
14 Eve Venice
21 Bob Orlando
68 Alice Paris

Logic Puzzle #2:
Age Name Home Something
1 One Uno First
2 Two Dos Second
3 Three Tres Third
4 Four Cuatro Fourth
5 Five Cinco Fifth

Logic Puzzle #3:
Age LOL LMAO
100 One First
200 Two Second
300 Three Third

Logic Puzzle #4:
Age LOL LMAO
1000 One First
2000 Two Second
3000 Three Third

Logic Puzzle #5:
Age LOL LMAO
1 One First
2 Two Second
3 Three Third

Logic Puzzle #6:
Age LOL LMAO
1 One First
2 Two Second
3 Three Third

Logic Puzzle #7:
Age LOL LMAO
1 One First
2 Two Second
3 Three Third

